0 info it worked if it ends with ok
1 verbose cli [ 'node', '/usr/local/bin/npm', 'install', 'node' ]
2 info using npm@2.14.2
3 info using node@v0.12.7
4 verbose node symlink /usr/local/bin/node
5 verbose install initial load of /Users/SethBaird/General-Coding/package.json
6 verbose installManyTop reading scoped package data from /Users/SethBaird/General-Coding/node_modules/ical-generator/package.json
7 verbose installManyTop reading scoped package data from /Users/SethBaird/General-Coding/node_modules/ical.js/package.json
8 verbose installManyTop reading scoped package data from /Users/SethBaird/General-Coding/node_modules/icalendar/package.json
9 verbose installManyTop reading scoped package data from /Users/SethBaird/General-Coding/node_modules/itunescontrol/package.json
10 verbose installManyTop reading scoped package data from /Users/SethBaird/General-Coding/node_modules/jquery/package.json
11 verbose installManyTop reading scoped package data from /Users/SethBaird/General-Coding/node_modules/mathjs/package.json
12 verbose installManyTop reading scoped package data from /Users/SethBaird/General-Coding/node_modules/node-wikipedia/package.json
13 verbose installManyTop reading scoped package data from /Users/SethBaird/General-Coding/node_modules/open/package.json
14 verbose installManyTop reading scoped package data from /Users/SethBaird/General-Coding/node_modules/parse-wikitext/package.json
15 verbose installManyTop reading scoped package data from /Users/SethBaird/General-Coding/node_modules/playback/package.json
16 verbose installManyTop reading scoped package data from /Users/SethBaird/General-Coding/node_modules/readline-sync/package.json
17 verbose installManyTop reading scoped package data from /Users/SethBaird/General-Coding/node_modules/say/package.json
18 verbose installManyTop reading scoped package data from /Users/SethBaird/General-Coding/node_modules/terminal-chat/package.json
19 verbose installManyTop reading scoped package data from /Users/SethBaird/General-Coding/node_modules/terminal-chat.zip/package.json
20 verbose installManyTop reading scoped package data from /Users/SethBaird/General-Coding/node_modules/wikijs/package.json
21 verbose installManyTop reading scoped package data from /Users/SethBaird/General-Coding/node_modules/wikipedia/package.json
22 verbose installManyTop reading scoped package data from /Users/SethBaird/General-Coding/node_modules/wikipedia-js/package.json
23 verbose installManyTop reading scoped package data from /Users/SethBaird/General-Coding/node_modules/wikipediajs/package.json
24 verbose installManyTop reading scoped package data from /Users/SethBaird/General-Coding/node_modules/wtf_wikipedia/package.json
25 info package.json icalendar@0.7.1 No license field.
26 info package.json wikipedia@0.0.3 No repository field.
27 info package.json wikipedia@0.0.3 license should be a valid SPDX license expression
28 info package.json wikipedia-js@0.0.6 No license field.
29 info package.json terminal-chat@0.3.0 No repository field.
30 info package.json terminal-chat@0.3.0 No license field.
31 info package.json wikijs@4.1.0 No license field.
32 info package.json ical-generator@0.2.10 No license field.
33 info package.json node-wikipedia@0.0.2 No license field.
34 verbose readDependencies loading dependencies from /Users/SethBaird/General-Coding/package.json
35 silly cache add args [ 'node', null ]
36 verbose cache add spec node
37 silly cache add parsed spec { raw: 'node',
37 silly cache add   scope: null,
37 silly cache add   name: 'node',
37 silly cache add   rawSpec: '',
37 silly cache add   spec: '*',
37 silly cache add   type: 'range' }
38 silly addNamed node@*
39 verbose addNamed "*" is a valid semver range for node
40 silly addNameRange { name: 'node', range: '*', hasData: false }
41 silly mapToRegistry name node
42 silly mapToRegistry using default registry
43 silly mapToRegistry registry https://registry.npmjs.org/
44 silly mapToRegistry uri https://registry.npmjs.org/node
45 verbose addNameRange registry:https://registry.npmjs.org/node not in flight; fetching
46 verbose request uri https://registry.npmjs.org/node
47 verbose request no auth needed
48 info attempt registry request try #1 at 16:39:20
49 verbose request id 207c47a0d4057be8
50 verbose etag W/"59a988af-4e335"
51 verbose lastModified Fri, 01 Sep 2017 16:19:59 GMT
52 http request GET https://registry.npmjs.org/node
53 http 200 https://registry.npmjs.org/node
54 silly get cb [ 200,
54 silly get   { server: 'nginx/1.10.1',
54 silly get     'content-type': 'application/json',
54 silly get     'last-modified': 'Thu, 28 Sep 2017 22:13:50 GMT',
54 silly get     etag: 'W/"59cd741e-4e34a"',
54 silly get     'content-encoding': 'gzip',
54 silly get     'cache-control': 'max-age=300',
54 silly get     'content-length': '51508',
54 silly get     'accept-ranges': 'bytes',
54 silly get     date: 'Mon, 09 Oct 2017 22:39:22 GMT',
54 silly get     via: '1.1 varnish',
54 silly get     age: '0',
54 silly get     connection: 'keep-alive',
54 silly get     'x-served-by': 'cache-den6025-DEN',
54 silly get     'x-cache': 'MISS',
54 silly get     'x-cache-hits': '0',
54 silly get     'x-timer': 'S1507588762.202332,VS0,VE154',
54 silly get     vary: 'Accept-Encoding, Accept' } ]
55 verbose get saving node to /Users/SethBaird/.npm/registry.npmjs.org/node/.cache.json
56 silly addNameRange number 2 { name: 'node', range: '*', hasData: true }
57 silly addNameRange versions [ 'node',
57 silly addNameRange   [ '0.0.0',
57 silly addNameRange     '0.1.14',
57 silly addNameRange     '0.1.15',
57 silly addNameRange     '0.1.16',
57 silly addNameRange     '0.1.17',
57 silly addNameRange     '0.1.18',
57 silly addNameRange     '0.1.19',
57 silly addNameRange     '0.1.20',
57 silly addNameRange     '0.1.21',
57 silly addNameRange     '0.1.22',
57 silly addNameRange     '0.1.23',
57 silly addNameRange     '0.1.24',
57 silly addNameRange     '0.1.25',
57 silly addNameRange     '0.1.26',
57 silly addNameRange     '0.1.27',
57 silly addNameRange     '0.1.28',
57 silly addNameRange     '0.1.29',
57 silly addNameRange     '0.1.30',
57 silly addNameRange     '0.1.31',
57 silly addNameRange     '0.1.32',
57 silly addNameRange     '0.1.33',
57 silly addNameRange     '0.1.90',
57 silly addNameRange     '0.1.91',
57 silly addNameRange     '0.1.92',
57 silly addNameRange     '0.1.93',
57 silly addNameRange     '0.1.94',
57 silly addNameRange     '0.1.95',
57 silly addNameRange     '0.1.96',
57 silly addNameRange     '0.1.97',
57 silly addNameRange     '0.1.98',
57 silly addNameRange     '0.1.99',
57 silly addNameRange     '0.1.100',
57 silly addNameRange     '0.1.101',
57 silly addNameRange     '0.1.102',
57 silly addNameRange     '0.1.103',
57 silly addNameRange     '0.1.104',
57 silly addNameRange     '0.2.0',
57 silly addNameRange     '0.2.1',
57 silly addNameRange     '0.2.2',
57 silly addNameRange     '0.2.3',
57 silly addNameRange     '0.2.4',
57 silly addNameRange     '0.2.5',
57 silly addNameRange     '0.2.6',
57 silly addNameRange     '0.3.0',
57 silly addNameRange     '0.3.1',
57 silly addNameRange     '0.3.2',
57 silly addNameRange     '0.3.3',
57 silly addNameRange     '0.3.4',
57 silly addNameRange     '0.3.5',
57 silly addNameRange     '0.3.6',
57 silly addNameRange     '0.3.7',
57 silly addNameRange     '0.3.8',
57 silly addNameRange     '0.4.0',
57 silly addNameRange     '0.4.1',
57 silly addNameRange     '0.4.2',
57 silly addNameRange     '0.4.3',
57 silly addNameRange     '0.4.4',
57 silly addNameRange     '0.4.5',
57 silly addNameRange     '0.4.6',
57 silly addNameRange     '0.4.7',
57 silly addNameRange     '0.4.8',
57 silly addNameRange     '0.4.9',
57 silly addNameRange     '0.4.10',
57 silly addNameRange     '0.4.11',
57 silly addNameRange     '0.4.12',
57 silly addNameRange     '0.5.0',
57 silly addNameRange     '0.5.1',
57 silly addNameRange     '0.5.2',
57 silly addNameRange     '0.5.3',
57 silly addNameRange     '0.5.4',
57 silly addNameRange     '0.5.5',
57 silly addNameRange     '0.5.6',
57 silly addNameRange     '0.5.7',
57 silly addNameRange     '0.5.8',
57 silly addNameRange     '0.5.9',
57 silly addNameRange     '0.5.10',
57 silly addNameRange     '0.6.0',
57 silly addNameRange     '0.6.1',
57 silly addNameRange     '0.6.2',
57 silly addNameRange     '0.6.3',
57 silly addNameRange     '0.6.4',
57 silly addNameRange     '0.6.5',
57 silly addNameRange     '0.6.6',
57 silly addNameRange     '0.6.7',
57 silly addNameRange     '0.6.8',
57 silly addNameRange     '0.6.9',
57 silly addNameRange     '0.6.10',
57 silly addNameRange     '0.6.11',
57 silly addNameRange     '0.6.12',
57 silly addNameRange     '0.6.13',
57 silly addNameRange     '0.6.14',
57 silly addNameRange     '0.6.15',
57 silly addNameRange     '0.6.16',
57 silly addNameRange     '0.6.17',
57 silly addNameRange     '0.6.18',
57 silly addNameRange     '0.6.19',
57 silly addNameRange     '0.6.20',
57 silly addNameRange     '0.6.21',
57 silly addNameRange     '0.7.0',
57 silly addNameRange     '0.7.1',
57 silly addNameRange     '0.7.2',
57 silly addNameRange     '0.7.3',
57 silly addNameRange     '0.7.4',
57 silly addNameRange     '0.7.5',
57 silly addNameRange     '0.7.6',
57 silly addNameRange     '0.7.7',
57 silly addNameRange     '0.7.8',
57 silly addNameRange     '0.7.9',
57 silly addNameRange     '0.7.10',
57 silly addNameRange     '0.7.11',
57 silly addNameRange     '0.7.12',
57 silly addNameRange     '0.8.0',
57 silly addNameRange     '0.8.1',
57 silly addNameRange     '0.8.2',
57 silly addNameRange     '0.8.3',
57 silly addNameRange     '0.8.4',
57 silly addNameRange     '0.8.5',
57 silly addNameRange     '0.8.6',
57 silly addNameRange     '0.8.7',
57 silly addNameRange     '0.8.8',
57 silly addNameRange     '0.8.9',
57 silly addNameRange     '0.8.10',
57 silly addNameRange     '0.8.11',
57 silly addNameRange     '0.8.12',
57 silly addNameRange     '0.8.13',
57 silly addNameRange     '0.8.14',
57 silly addNameRange     '0.8.15',
57 silly addNameRange     '0.8.16',
57 silly addNameRange     '0.8.17',
57 silly addNameRange     '0.8.18',
57 silly addNameRange     '0.8.19',
57 silly addNameRange     '0.8.20',
57 silly addNameRange     '0.8.21',
57 silly addNameRange     '0.8.22',
57 silly addNameRange     '0.8.23',
57 silly addNameRange     '0.8.24',
57 silly addNameRange     '0.8.25',
57 silly addNameRange     '0.8.26',
57 silly addNameRange     '0.8.27',
57 silly addNameRange     '0.8.28',
57 silly addNameRange     '0.9.0',
57 silly addNameRange     '0.9.1',
57 silly addNameRange     '0.9.2',
57 silly addNameRange     '0.9.3',
57 silly addNameRange     '0.9.4',
57 silly addNameRange     '0.9.5',
57 silly addNameRange     '0.9.6',
57 silly addNameRange     '0.9.7',
57 silly addNameRange     '0.9.8',
57 silly addNameRange     '0.9.9',
57 silly addNameRange     '0.9.10',
57 silly addNameRange     '0.9.11',
57 silly addNameRange     '0.9.12',
57 silly addNameRange     '0.10.0',
57 silly addNameRange     '0.10.1',
57 silly addNameRange     '0.10.2',
57 silly addNameRange     '0.10.3',
57 silly addNameRange     '0.10.4',
57 silly addNameRange     '0.10.5',
57 silly addNameRange     '0.10.6',
57 silly addNameRange     '0.10.7',
57 silly addNameRange     '0.10.8',
57 silly addNameRange     '0.10.9',
57 silly addNameRange     '0.10.10',
57 silly addNameRange     '0.10.11',
57 silly addNameRange     '0.10.12',
57 silly addNameRange     '0.10.13',
57 silly addNameRange     '0.10.14',
57 silly addNameRange     '0.10.15',
57 silly addNameRange     '0.10.16',
57 silly addNameRange     '0.10.17',
57 silly addNameRange     '0.10.18',
57 silly addNameRange     '0.10.19',
57 silly addNameRange     '0.10.20',
57 silly addNameRange     '0.10.21',
57 silly addNameRange     '0.10.22',
57 silly addNameRange     '0.10.23',
57 silly addNameRange     '0.10.24',
57 silly addNameRange     '0.10.25',
57 silly addNameRange     '0.10.26',
57 silly addNameRange     '0.10.27',
57 silly addNameRange     '0.10.28',
57 silly addNameRange     '0.10.29',
57 silly addNameRange     '0.10.30',
57 silly addNameRange     '0.10.31',
57 silly addNameRange     '0.10.32',
57 silly addNameRange     '0.10.33',
57 silly addNameRange     '0.10.34',
57 silly addNameRange     '0.10.35',
57 silly addNameRange     '0.10.36',
57 silly addNameRange     '0.10.37',
57 silly addNameRange     '0.10.38',
57 silly addNameRange     '0.10.39',
57 silly addNameRange     '0.10.40',
57 silly addNameRange     '0.10.41',
57 silly addNameRange     '0.10.42',
57 silly addNameRange     '0.10.43',
57 silly addNameRange     '0.10.44',
57 silly addNameRange     '0.10.45',
57 silly addNameRange     '0.10.46',
57 silly addNameRange     '0.10.47',
57 silly addNameRange     '0.10.48',
57 silly addNameRange     '0.11.0',
57 silly addNameRange     '0.11.1',
57 silly addNameRange     '0.11.2',
57 silly addNameRange     '0.11.3',
57 silly addNameRange     '0.11.4',
57 silly addNameRange     '0.11.5',
57 silly addNameRange     '0.11.6',
57 silly addNameRange     '0.11.7',
57 silly addNameRange     '0.11.8',
57 silly addNameRange     '0.11.9',
57 silly addNameRange     '0.11.10',
57 silly addNameRange     '0.11.11',
57 silly addNameRange     '0.11.12',
57 silly addNameRange     '0.11.13',
57 silly addNameRange     '0.11.14',
57 silly addNameRange     '0.11.15',
57 silly addNameRange     '0.11.16',
57 silly addNameRange     '0.12.0',
57 silly addNameRange     '0.12.1',
57 silly addNameRange     '0.12.2',
57 silly addNameRange     '0.12.3',
57 silly addNameRange     '0.12.4',
57 silly addNameRange     '0.12.5',
57 silly addNameRange     '0.12.6',
57 silly addNameRange     '0.12.7',
57 silly addNameRange     '0.12.8',
57 silly addNameRange     '0.12.9',
57 silly addNameRange     '0.12.10',
57 silly addNameRange     '0.12.11',
57 silly addNameRange     '0.12.12',
57 silly addNameRange     '0.12.13',
57 silly addNameRange     '0.12.14',
57 silly addNameRange     '0.12.15',
57 silly addNameRange     '0.12.16',
57 silly addNameRange     '0.12.17',
57 silly addNameRange     '0.12.18',
57 silly addNameRange     '4.0.0',
57 silly addNameRange     '4.1.0',
57 silly addNameRange     '4.1.1',
57 silly addNameRange     '4.1.2',
57 silly addNameRange     '4.2.0',
57 silly addNameRange     '4.2.1',
57 silly addNameRange     '4.2.2',
57 silly addNameRange     '4.2.3',
57 silly addNameRange     '4.2.4',
57 silly addNameRange     '4.2.5',
57 silly addNameRange     '4.2.6',
57 silly addNameRange     '4.3.0',
57 silly addNameRange     '4.3.1',
57 silly addNameRange     '4.3.2',
57 silly addNameRange     '4.4.0',
57 silly addNameRange     '4.4.1',
57 silly addNameRange     '4.4.2',
57 silly addNameRange     '4.4.3',
57 silly addNameRange     '4.4.4',
57 silly addNameRange     '4.4.5',
57 silly addNameRange     '4.4.6',
57 silly addNameRange     '4.4.7',
57 silly addNameRange     '4.5.0',
57 silly addNameRange     '4.6.0',
57 silly addNameRange     '4.6.1',
57 silly addNameRange     '4.6.2',
57 silly addNameRange     '4.7.0',
57 silly addNameRange     '4.7.1',
57 silly addNameRange     '4.7.2',
57 silly addNameRange     '4.7.3',
57 silly addNameRange     '4.8.0',
57 silly addNameRange     '4.8.1',
57 silly addNameRange     '4.8.2',
57 silly addNameRange     '4.8.3',
57 silly addNameRange     '4.8.4',
57 silly addNameRange     '5.0.0',
57 silly addNameRange     '5.1.0',
57 silly addNameRange     '5.1.1',
57 silly addNameRange     '5.2.0',
57 silly addNameRange     '5.3.0',
57 silly addNameRange     '5.4.0',
57 silly addNameRange     '5.4.1',
57 silly addNameRange     '5.5.0',
57 silly addNameRange     '5.6.0',
57 silly addNameRange     '5.7.0',
57 silly addNameRange     '5.7.1',
57 silly addNameRange     '5.8.0',
57 silly addNameRange     '5.9.0',
57 silly addNameRange     '5.9.1',
57 silly addNameRange     '5.10.0',
57 silly addNameRange     '5.10.1',
57 silly addNameRange     '5.11.0',
57 silly addNameRange     '5.11.1',
57 silly addNameRange     '5.12.0',
57 silly addNameRange     '6.0.0',
57 silly addNameRange     '6.1.0',
57 silly addNameRange     '6.2.0',
57 silly addNameRange     '6.2.1',
57 silly addNameRange     '6.2.2',
57 silly addNameRange     '6.3.0',
57 silly addNameRange     '6.3.1',
57 silly addNameRange     '6.4.0',
57 silly addNameRange     '6.5.0',
57 silly addNameRange     '6.6.0',
57 silly addNameRange     '6.7.0',
57 silly addNameRange     '6.8.0',
57 silly addNameRange     '6.8.1',
57 silly addNameRange     '6.9.0',
57 silly addNameRange     '6.9.1',
57 silly addNameRange     '6.9.2',
57 silly addNameRange     '6.9.3',
57 silly addNameRange     '6.9.4',
57 silly addNameRange     '6.9.5',
57 silly addNameRange     '6.10.0',
57 silly addNameRange     '6.10.1',
57 silly addNameRange     '6.10.2',
57 silly addNameRange     '6.10.3',
57 silly addNameRange     '6.11.0',
57 silly addNameRange     '6.11.1',
57 silly addNameRange     '7.0.0',
57 silly addNameRange     '7.1.0',
57 silly addNameRange     '7.2.0',
57 silly addNameRange     '7.2.1',
57 silly addNameRange     '7.3.0',
57 silly addNameRange     '7.4.0',
57 silly addNameRange     '7.5.0',
57 silly addNameRange     '7.6.0',
57 silly addNameRange     '7.7.0',
57 silly addNameRange     '7.7.1',
57 silly addNameRange     '7.7.2',
57 silly addNameRange     '7.7.3',
57 silly addNameRange     '7.7.4',
57 silly addNameRange     '7.8.0',
57 silly addNameRange     '7.9.0',
57 silly addNameRange     '7.10.0',
57 silly addNameRange     '7.10.1',
57 silly addNameRange     '8.0.0',
57 silly addNameRange     '8.1.0',
57 silly addNameRange     '8.1.1',
57 silly addNameRange     '8.1.2',
57 silly addNameRange     '8.1.3',
57 silly addNameRange     '8.1.4',
57 silly addNameRange     '8.2.0',
57 silly addNameRange     '8.2.1',
57 silly addNameRange     '8.3.0' ] ]
58 silly addNamed node@8.3.0
59 verbose addNamed "8.3.0" is a plain semver version for node
60 silly cache afterAdd node@8.3.0
61 verbose afterAdd /Users/SethBaird/.npm/node/8.3.0/package/package.json not in flight; writing
62 verbose afterAdd /Users/SethBaird/.npm/node/8.3.0/package/package.json written
63 silly install resolved [ { name: 'node',
63 silly install resolved     version: '8.3.0',
63 silly install resolved     description: 'node',
63 silly install resolved     main: 'index.js',
63 silly install resolved     keywords: [ 'runtime' ],
63 silly install resolved     scripts: { preinstall: 'node installArchSpecificPackage' },
63 silly install resolved     bin: { node: 'bin/node' },
63 silly install resolved     dependencies: { 'node-bin-setup': '^1.0.0' },
63 silly install resolved     license: 'ISC',
63 silly install resolved     author: '',
63 silly install resolved     engines: { npm: '>=5.0.0' },
63 silly install resolved     _id: 'node@8.3.0',
63 silly install resolved     _npmVersion: '5.3.0',
63 silly install resolved     _nodeVersion: '8.2.1',
63 silly install resolved     _npmUser: { name: 'aredridel', email: 'aredridel@dinhe.net' },
63 silly install resolved     dist:
63 silly install resolved      { integrity: 'sha512-RU3iQgXeDBU45dv6BrfDrgTyUjJk1yorN64l0sce+E+2pZzFbRbBicPMBD/hWjo0GSMnA5a+RwFtWwHNDlojaw==',
63 silly install resolved        shasum: '478e84ffcc4be39938306ace1c4613c8231e5f44',
63 silly install resolved        tarball: 'https://registry.npmjs.org/node/-/node-8.3.0.tgz' },
63 silly install resolved     maintainers: [ [Object], [Object] ],
63 silly install resolved     _npmOperationalInternal:
63 silly install resolved      { host: 's3://npm-registry-packages',
63 silly install resolved        tmp: 'tmp/node-8.3.0.tgz_1502462775610_0.9039400962647051' },
63 silly install resolved     directories: {},
63 silly install resolved     _shasum: '478e84ffcc4be39938306ace1c4613c8231e5f44',
63 silly install resolved     _resolved: 'https://registry.npmjs.org/node/-/node-8.3.0.tgz',
63 silly install resolved     _from: 'node@*',
63 silly install resolved     readme: 'ERROR: No README data found!' } ]
64 info install node@8.3.0 into /Users/SethBaird/General-Coding
65 info installOne node@8.3.0
66 verbose installOne of node to /Users/SethBaird/General-Coding not in flight; installing
67 verbose lock using /Users/SethBaird/.npm/_locks/node-4d0e3049a99fef97.lock for /Users/SethBaird/General-Coding/node_modules/node
68 warn engine node@8.3.0: wanted: {"npm":">=5.0.0"} (current: {"node":"0.12.7","npm":"2.14.2"})
69 silly install write writing node 8.3.0 to /Users/SethBaird/General-Coding/node_modules/node
70 verbose unbuild node_modules/node
71 silly gentlyRm /Users/SethBaird/General-Coding/node_modules/node is being purged from base /Users/SethBaird/General-Coding
72 verbose gentlyRm don't care about contents; nuking /Users/SethBaird/General-Coding/node_modules/node
73 verbose tar unpack /Users/SethBaird/.npm/node/8.3.0/package.tgz
74 verbose tar unpacking to /Users/SethBaird/General-Coding/node_modules/node
75 silly gentlyRm /Users/SethBaird/General-Coding/node_modules/node is being purged
76 verbose gentlyRm don't care about contents; nuking /Users/SethBaird/General-Coding/node_modules/node
77 silly gunzTarPerm modes [ '755', '644' ]
78 silly gunzTarPerm extractEntry package.json
79 silly gunzTarPerm extractEntry README.md
80 silly gunzTarPerm extractEntry installArchSpecificPackage.js
81 verbose write writing to /Users/SethBaird/General-Coding/node_modules/node/package.json
82 info preinstall node@8.3.0
83 verbose unsafe-perm in lifecycle true
84 info node@8.3.0 Failed to exec preinstall script
85 verbose unlock done using /Users/SethBaird/.npm/_locks/node-4d0e3049a99fef97.lock for /Users/SethBaird/General-Coding/node_modules/node
86 verbose stack Error: node@8.3.0 preinstall: `node installArchSpecificPackage`
86 verbose stack Exit status 1
86 verbose stack     at EventEmitter.<anonymous> (/usr/local/lib/node_modules/npm/lib/utils/lifecycle.js:214:16)
86 verbose stack     at EventEmitter.emit (events.js:110:17)
86 verbose stack     at ChildProcess.<anonymous> (/usr/local/lib/node_modules/npm/lib/utils/spawn.js:24:14)
86 verbose stack     at ChildProcess.emit (events.js:110:17)
86 verbose stack     at maybeClose (child_process.js:1015:16)
86 verbose stack     at Process.ChildProcess._handle.onexit (child_process.js:1087:5)
87 verbose pkgid node@8.3.0
88 verbose cwd /Users/SethBaird/General-Coding
89 error Darwin 16.6.0
90 error argv "node" "/usr/local/bin/npm" "install" "node"
91 error node v0.12.7
92 error npm  v2.14.2
93 error code ELIFECYCLE
94 error node@8.3.0 preinstall: `node installArchSpecificPackage`
94 error Exit status 1
95 error Failed at the node@8.3.0 preinstall script 'node installArchSpecificPackage'.
95 error This is most likely a problem with the node package,
95 error not with npm itself.
95 error Tell the author that this fails on your system:
95 error     node installArchSpecificPackage
95 error You can get their info via:
95 error     npm owner ls node
95 error There is likely additional logging output above.
96 verbose exit [ 1, true ]
97 verbose unbuild node_modules/node
98 info preuninstall node@8.3.0
99 info uninstall node@8.3.0
100 verbose unbuild rmStuff node@8.3.0 from /Users/SethBaird/General-Coding/node_modules
101 silly gentlyRm /Users/SethBaird/General-Coding/node_modules/.bin/node is being gently removed
102 silly gentlyRm verifying /Users/SethBaird/General-Coding is an npm working directory
103 silly gentlyRm containing path /Users/SethBaird/General-Coding is under npm's control, in /Users/SethBaird/General-Coding
104 silly gentlyRm deletion target /Users/SethBaird/General-Coding/node_modules/.bin/node is under /Users/SethBaird/General-Coding
105 verbose gentlyRm vacuuming from /Users/SethBaird/General-Coding/node_modules/.bin/node up to /Users/SethBaird/General-Coding
106 info postuninstall node@8.3.0
107 silly gentlyRm /Users/SethBaird/General-Coding/node_modules/node is being purged from base /Users/SethBaird/General-Coding
108 verbose gentlyRm don't care about contents; nuking /Users/SethBaird/General-Coding/node_modules/node
109 silly vacuum-fs purging /Users/SethBaird/General-Coding/node_modules/node
110 silly vacuum-fs quitting because other entries in /Users/SethBaird/General-Coding/node_modules
